<?xml version="1.0" encoding="UTF-8"?>
<testng-results ignored="0" total="4" passed="4" failed="0" skipped="0">
  <reporter-output>
  </reporter-output>
  <suite started-at="2024-04-20T15:06:17 IST" name="Default suite" finished-at="2024-04-20T15:06:50 IST" duration-ms="32897">
    <groups>
    </groups>
    <test started-at="2024-04-20T15:06:17 IST" name="Default test" finished-at="2024-04-20T15:06:50 IST" duration-ms="32897">
      <class name="testngDemo.Assignment01">
        <test-method signature="orangeHRM_PIMCreation()[pri:0, instance:testngDemo.Assignment01@1b11171f]" started-at="2024-04-20T15:06:18 IST" name="orangeHRM_PIMCreation" finished-at="2024-04-20T15:06:32 IST" duration-ms="14782" status="PASS">
          <reporter-output>
          </reporter-output>
        </test-method> <!-- orangeHRM_PIMCreation -->
        <test-method signature="orangeHRM_PIMDelete()[pri:0, instance:testngDemo.Assignment01@1b11171f]" started-at="2024-04-20T15:06:32 IST" name="orangeHRM_PIMDelete" finished-at="2024-04-20T15:06:32 IST" duration-ms="2" status="PASS">
          <reporter-output>
          </reporter-output>
        </test-method> <!-- orangeHRM_PIMDelete -->
        <test-method signature="orangeHRM_PIMUpdate()[pri:0, instance:testngDemo.Assignment01@1b11171f]" started-at="2024-04-20T15:06:32 IST" name="orangeHRM_PIMUpdate" finished-at="2024-04-20T15:06:44 IST" duration-ms="11958" status="PASS">
          <reporter-output>
          </reporter-output>
        </test-method> <!-- orangeHRM_PIMUpdate -->
        <test-method signature="sourceDemoShopping()[pri:0, instance:testngDemo.Assignment01@1b11171f]" started-at="2024-04-20T15:06:44 IST" name="sourceDemoShopping" finished-at="2024-04-20T15:06:50 IST" duration-ms="6090" status="PASS">
          <reporter-output>
          </reporter-output>
        </test-method> <!-- sourceDemoShopping -->
      </class> <!-- testngDemo.Assignment01 -->
    </test> <!-- Default test -->
  </suite> <!-- Default suite -->
</testng-results>
