<?xml version="1.0" encoding="UTF-8"?>
<!-- Generated by org.testng.reporters.JUnitXMLReporter -->
<testsuite ignored="0" hostname="LAPTOP-7DBDHR0F" failures="0" tests="4" name="Default test" time="32.897" errors="0" timestamp="2024-04-20T15:06:50 IST">
  <testcase classname="testngDemo.Assignment01" name="orangeHRM_PIMCreation" time="14.782"/>
  <testcase classname="testngDemo.Assignment01" name="orangeHRM_PIMDelete" time="0.002"/>
  <testcase classname="testngDemo.Assignment01" name="orangeHRM_PIMUpdate" time="11.958"/>
  <testcase classname="testngDemo.Assignment01" name="sourceDemoShopping" time="6.09"/>
</testsuite> <!-- Default test -->
